<?xml version="1.0" encoding="UTF-8"?>
<testng-results skipped="0" failed="0" ignored="0" total="1" passed="1">
  <reporter-output>
  </reporter-output>
  <suite name="Default suite" duration-ms="5546" started-at="2021-03-31T21:34:47 IST" finished-at="2021-03-31T21:34:52 IST">
    <groups>
    </groups>
    <test name="Default test" duration-ms="5546" started-at="2021-03-31T21:34:47 IST" finished-at="2021-03-31T21:34:52 IST">
      <class name="com.practice.test.TestOne">
        <test-method status="PASS" signature="testone()[pri:0, instance:com.practice.test.TestOne@4232c52b]" name="testone" duration-ms="5520" started-at="2021-03-31T21:34:47 IST" finished-at="2021-03-31T21:34:52 IST">
          <reporter-output>
          </reporter-output>
        </test-method> <!-- testone -->
      </class> <!-- com.practice.test.TestOne -->
    </test> <!-- Default test -->
  </suite> <!-- Default suite -->
</testng-results>
