<?xml version="1.0" encoding="UTF-8"?>
<!-- Generated by org.testng.reporters.JUnitXMLReporter -->
<testsuite hostname="LAPTOP-C9GCE5DU" ignored="1" name="Test" tests="1" failures="0" timestamp="2021-02-28T15:40:28 IST" time="14.779" errors="0">
  <testcase name="createOrganisationWithoutBillingAddressTest" time="5.638" classname="com.crm.vtiger.test.CreateOrganisationWithBillingAddress"/>
  <testcase name="createOrganisationWithBillingAddressTest" time="0.0" classname="com.crm.vtiger.test.CreateOrganisationWithBillingAddress">
    <ignored/>
  </testcase> <!-- createOrganisationWithBillingAddressTest -->
</testsuite> <!-- Test -->
